<?xml version="1.0" encoding="UTF-8"?>
<testsuite name="GoogleTests" tests="1" skipped="0" failures="0" errors="0" timestamp="2020-11-14T17:50:21" hostname="DESKTOP-LVCQQVL" time="9.529">
  <properties/>
  <testcase name="selenideSearchTest()" classname="GoogleTests" time="9.529"/>
  <system-out><![CDATA[]]></system-out>
  <system-err><![CDATA[SLF4J: Failed to load class "org.slf4j.impl.StaticLoggerBinder".
SLF4J: Defaulting to no-operation (NOP) logger implementation
SLF4J: See http://www.slf4j.org/codes.html#StaticLoggerBinder for further details.
Starting ChromeDriver 86.0.4240.22 (398b0743353ff36fb1b82468f63a3a93b4e2e89e-refs/branch-heads/4240@{#378}) on port 25520
Only local connections are allowed.
Please see https://chromedriver.chromium.org/security-considerations for suggestions on keeping ChromeDriver safe.
ChromeDriver was started successfully.
ноя 14, 2020 8:50:28 PM org.openqa.selenium.remote.ProtocolHandshake createSession
INFO: Detected dialect: W3C
]]></system-err>
</testsuite>
